Feb 03 03:51:03 Installed: mailx-12.5-19.el7.x86_64
Feb 03 03:51:03 Installed: libreport-filesystem-2.1.11-42.el7.centos.x86_64
Feb 03 03:51:03 Installed: mdadm-4.1-rc1_2.el7.x86_64
Feb 03 03:51:04 Installed: 1:smartmontools-6.5-1.el7.x86_64
Feb 03 03:51:04 Installed: hdparm-9.43-5.el7.x86_64
Feb 03 03:51:04 Installed: gdisk-0.8.10-2.el7.x86_64
Feb 02 17:50:35 Installed: wget-1.14-18.el7.x86_64
Feb 02 18:01:29 Updated: glibc-common-2.17-260.el7_6.3.x86_64
Feb 02 18:01:31 Updated: glibc-2.17-260.el7_6.3.x86_64
Feb 02 18:01:32 Installed: mpfr-3.1.1-4.el7.x86_64
Feb 02 18:01:32 Installed: libmpc-1.0.1-3.el7.x86_64
Feb 02 18:01:33 Installed: cpp-4.8.5-36.el7.x86_64
Feb 02 18:01:35 Installed: kernel-headers-3.10.0-957.5.1.el7.x86_64
Feb 02 18:01:36 Installed: glibc-headers-2.17-260.el7_6.3.x86_64
Feb 02 18:01:36 Installed: glibc-devel-2.17-260.el7_6.3.x86_64
Feb 02 18:01:39 Installed: gcc-4.8.5-36.el7.x86_64
Feb 02 18:04:52 Installed: nano-2.3.1-10.el7.x86_64
Feb 02 18:05:38 Installed: 1:perl-parent-0.225-244.el7.noarch
Feb 02 18:05:38 Installed: perl-HTTP-Tiny-0.033-3.el7.noarch
Feb 02 18:05:38 Installed: perl-podlators-2.5.1-3.el7.noarch
Feb 02 18:05:38 Installed: perl-Pod-Perldoc-3.20-4.el7.noarch
Feb 02 18:05:38 Installed: 1:perl-Pod-Escapes-1.04-294.el7_6.noarch
Feb 02 18:05:38 Installed: perl-Text-ParseWords-3.29-4.el7.noarch
Feb 02 18:05:39 Installed: perl-Encode-2.51-7.el7.x86_64
Feb 02 18:05:39 Installed: perl-Pod-Usage-1.63-3.el7.noarch
Feb 02 18:05:39 Installed: 4:perl-libs-5.16.3-294.el7_6.x86_64
Feb 02 18:05:39 Installed: 4:perl-macros-5.16.3-294.el7_6.x86_64
Feb 02 18:05:39 Installed: perl-Storable-2.45-3.el7.x86_64
Feb 02 18:05:39 Installed: perl-Exporter-5.68-3.el7.noarch
Feb 02 18:05:39 Installed: perl-constant-1.27-2.el7.noarch
Feb 02 18:05:39 Installed: perl-Time-Local-1.2300-2.el7.noarch
Feb 02 18:05:39 Installed: perl-Carp-1.26-244.el7.noarch
Feb 02 18:05:39 Installed: 4:perl-Time-HiRes-1.9725-3.el7.x86_64
Feb 02 18:05:39 Installed: perl-PathTools-3.40-5.el7.x86_64
Feb 02 18:05:39 Installed: perl-Scalar-List-Utils-1.27-248.el7.x86_64
Feb 02 18:05:40 Installed: perl-File-Temp-0.23.01-3.el7.noarch
Feb 02 18:05:40 Installed: perl-File-Path-2.09-2.el7.noarch
Feb 02 18:05:40 Installed: perl-threads-shared-1.43-6.el7.x86_64
Feb 02 18:05:40 Installed: perl-threads-1.87-4.el7.x86_64
Feb 02 18:05:40 Installed: perl-Filter-1.49-3.el7.x86_64
Feb 02 18:05:40 Installed: perl-Socket-2.010-4.el7.x86_64
Feb 02 18:05:40 Installed: 1:perl-Pod-Simple-3.28-4.el7.noarch
Feb 02 18:05:40 Installed: perl-Getopt-Long-2.40-3.el7.noarch
Feb 02 18:05:44 Installed: 4:perl-5.16.3-294.el7_6.x86_64
Feb 02 18:05:44 Installed: gpm-libs-1.20.7-5.el7.x86_64
Feb 02 18:05:45 Installed: 1:mc-4.8.7-11.el7.x86_64
Feb 02 18:51:43 Installed: 1:perl-Error-0.17020-2.el7.noarch
Feb 02 18:51:43 Installed: perl-TermReadKey-2.30-20.el7.x86_64
Feb 02 18:51:46 Installed: git-1.8.3.1-20.el7.x86_64
Feb 02 18:51:46 Installed: perl-Git-1.8.3.1-20.el7.noarch
